[2026-02-23--17-52-54 INFO actix_server::builder] starting 5 workers
[2026-02-23--17-52-54 INFO actix_server::server] Tokio runtime found; starting in existing Tokio runtime
[2026-02-23--17-52-54 INFO actix_server::server] starting service: "actix-web-service-127.0.0.1:18488", workers: 5, listening on: 127.0.0.1:18488
[2026-02-23--17-52-55 INFO parity_ws] Listening for new connections on 127.0.0.1:8900.
[2026-02-23--17-55-42 INFO parity_ws::io] Accepted a new tcp connection from 127.0.0.1:63879.
[2026-02-23--17-55-46 INFO parity_ws::io] Accepted a new tcp connection from 127.0.0.1:63883.
[2026-02-23--17-56-12 ERROR litesvm] Payer account 8VY5LoKDxJnc85nssXrU35kQkdR2jVxkqUa1Z7MAMFmL not found.
[2026-02-23--17-56-12 ERROR litesvm] Payer account 8VY5LoKDxJnc85nssXrU35kQkdR2jVxkqUa1Z7MAMFmL not found.
[2026-02-23--17-56-28 ERROR litesvm] Payer account 8VY5LoKDxJnc85nssXrU35kQkdR2jVxkqUa1Z7MAMFmL not found.
[2026-02-23--17-56-28 ERROR litesvm] Payer account 8VY5LoKDxJnc85nssXrU35kQkdR2jVxkqUa1Z7MAMFmL not found.
[2026-02-23--17-56-28 ERROR litesvm] Payer account 8VY5LoKDxJnc85nssXrU35kQkdR2jVxkqUa1Z7MAMFmL not found.
[2026-02-23--17-56-28 ERROR litesvm] Payer account 8VY5LoKDxJnc85nssXrU35kQkdR2jVxkqUa1Z7MAMFmL not found.
[2026-02-23--17-58-56 ERROR litesvm] Payer account 8VY5LoKDxJnc85nssXrU35kQkdR2jVxkqUa1Z7MAMFmL not found.
[2026-02-23--17-58-57 ERROR litesvm] Payer account 8VY5LoKDxJnc85nssXrU35kQkdR2jVxkqUa1Z7MAMFmL not found.
[2026-02-23--17-59-04 ERROR litesvm] Payer account 8VY5LoKDxJnc85nssXrU35kQkdR2jVxkqUa1Z7MAMFmL not found.
[2026-02-23--17-59-04 ERROR litesvm] Payer account 8VY5LoKDxJnc85nssXrU35kQkdR2jVxkqUa1Z7MAMFmL not found.
[2026-02-23--17-59-04 ERROR litesvm] Payer account 8VY5LoKDxJnc85nssXrU35kQkdR2jVxkqUa1Z7MAMFmL not found.
[2026-02-23--17-59-04 ERROR litesvm] Payer account 8VY5LoKDxJnc85nssXrU35kQkdR2jVxkqUa1Z7MAMFmL not found.
[2026-02-23--18-00-20 ERROR litesvm] Payer account 8VY5LoKDxJnc85nssXrU35kQkdR2jVxkqUa1Z7MAMFmL not found.
[2026-02-23--18-00-20 ERROR litesvm] Payer account 8VY5LoKDxJnc85nssXrU35kQkdR2jVxkqUa1Z7MAMFmL not found.
[2026-02-23--18-00-28 ERROR litesvm] Payer account 8VY5LoKDxJnc85nssXrU35kQkdR2jVxkqUa1Z7MAMFmL not found.
[2026-02-23--18-00-28 ERROR litesvm] Payer account 8VY5LoKDxJnc85nssXrU35kQkdR2jVxkqUa1Z7MAMFmL not found.
[2026-02-23--18-00-28 ERROR litesvm] Payer account 8VY5LoKDxJnc85nssXrU35kQkdR2jVxkqUa1Z7MAMFmL not found.
[2026-02-23--18-00-28 ERROR litesvm] Payer account 8VY5LoKDxJnc85nssXrU35kQkdR2jVxkqUa1Z7MAMFmL not found.
[2026-02-23--18-00-37 ERROR litesvm] Payer account 8VY5LoKDxJnc85nssXrU35kQkdR2jVxkqUa1Z7MAMFmL not found.
[2026-02-23--18-00-38 ERROR litesvm] Payer account 8VY5LoKDxJnc85nssXrU35kQkdR2jVxkqUa1Z7MAMFmL not found.
[2026-02-23--18-00-44 ERROR litesvm] Payer account 8VY5LoKDxJnc85nssXrU35kQkdR2jVxkqUa1Z7MAMFmL not found.
[2026-02-23--18-00-44 ERROR litesvm] Payer account 8VY5LoKDxJnc85nssXrU35kQkdR2jVxkqUa1Z7MAMFmL not found.
[2026-02-23--18-00-44 ERROR litesvm] Payer account 8VY5LoKDxJnc85nssXrU35kQkdR2jVxkqUa1Z7MAMFmL not found.
[2026-02-23--18-00-44 ERROR litesvm] Payer account 8VY5LoKDxJnc85nssXrU35kQkdR2jVxkqUa1Z7MAMFmL not found.
[2026-02-23--18-06-51 ERROR litesvm] Payer account 8VY5LoKDxJnc85nssXrU35kQkdR2jVxkqUa1Z7MAMFmL not found.
[2026-02-23--18-06-51 ERROR litesvm] Payer account 8VY5LoKDxJnc85nssXrU35kQkdR2jVxkqUa1Z7MAMFmL not found.
[2026-02-23--18-06-59 ERROR litesvm] Payer account 8VY5LoKDxJnc85nssXrU35kQkdR2jVxkqUa1Z7MAMFmL not found.
[2026-02-23--18-06-59 ERROR litesvm] Payer account 8VY5LoKDxJnc85nssXrU35kQkdR2jVxkqUa1Z7MAMFmL not found.
[2026-02-23--18-06-59 ERROR litesvm] Payer account 8VY5LoKDxJnc85nssXrU35kQkdR2jVxkqUa1Z7MAMFmL not found.
[2026-02-23--18-06-59 ERROR litesvm] Payer account 8VY5LoKDxJnc85nssXrU35kQkdR2jVxkqUa1Z7MAMFmL not found.
[2026-02-23--18-07-14 ERROR litesvm] Payer account 8VY5LoKDxJnc85nssXrU35kQkdR2jVxkqUa1Z7MAMFmL not found.
[2026-02-23--18-07-15 ERROR litesvm] Payer account 8VY5LoKDxJnc85nssXrU35kQkdR2jVxkqUa1Z7MAMFmL not found.
[2026-02-23--18-07-29 ERROR litesvm] Payer account 8VY5LoKDxJnc85nssXrU35kQkdR2jVxkqUa1Z7MAMFmL not found.
[2026-02-23--18-07-29 ERROR litesvm] Payer account 8VY5LoKDxJnc85nssXrU35kQkdR2jVxkqUa1Z7MAMFmL not found.
[2026-02-23--18-07-29 ERROR litesvm] Payer account 8VY5LoKDxJnc85nssXrU35kQkdR2jVxkqUa1Z7MAMFmL not found.
[2026-02-23--18-07-29 ERROR litesvm] Payer account 8VY5LoKDxJnc85nssXrU35kQkdR2jVxkqUa1Z7MAMFmL not found.
[2026-02-23--18-08-24 WARN surfpool_core::rpc] Request rejected due to not being a single method call
[2026-02-23--18-08-34 WARN surfpool_core::rpc] Request rejected due to not being a single method call
